<?xml version="1.0" encoding="UTF-8"?>
<!-- Generated by org.testng.reporters.JUnitXMLReporter -->
<testsuite hostname="DESKTOP-8L1U83C" ignored="0" name="BankingApp Test" tests="7" failures="2" timestamp="2023-02-17T17:04:37 IST" time="119.083" errors="0">
  <testcase name="LoginTest" time="2.781" classname="com.inetBanking.testCases.Tc_LoginTest_001"/>
  <testcase name="loginDDT" time="6.674" classname="com.inetBanking.testCases.Tc_LoginDDT_002">
    <failure type="java.lang.AssertionError" message="expected [true] but found [false]">
      <![CDATA[java.lang.AssertionError: expected [true] but found [false]
at com.inetBanking.testCases.Tc_LoginDDT_002.loginDDT(Tc_LoginDDT_002.java:34)
at java.util.ArrayList.forEach(ArrayList.java:1259)
... Removed 31 stack frames]]>
    </failure>
  </testcase> <!-- loginDDT -->
  <testcase name="loginDDT" time="20.407" classname="com.inetBanking.testCases.Tc_LoginDDT_002"/>
  <testcase name="loginDDT" time="15.442" classname="com.inetBanking.testCases.Tc_LoginDDT_002"/>
  <testcase name="loginDDT" time="14.728" classname="com.inetBanking.testCases.Tc_LoginDDT_002"/>
  <testcase name="loginDDT" time="8.322" classname="com.inetBanking.testCases.Tc_LoginDDT_002">
    <failure type="java.lang.AssertionError" message="expected [true] but found [false]">
      <![CDATA[java.lang.AssertionError: expected [true] but found [false]
at com.inetBanking.testCases.Tc_LoginDDT_002.loginDDT(Tc_LoginDDT_002.java:34)
at java.util.ArrayList.forEach(ArrayList.java:1259)
... Removed 31 stack frames]]>
    </failure>
  </testcase> <!-- loginDDT -->
  <testcase name="addNewCustomer" time="19.265" classname="com.inetBanking.testCases.Tc_AddCustomer_003"/>
</testsuite> <!-- BankingApp Test -->
