<?xml version="1.0" encoding="UTF-8"?>
<testng-results ignored="0" total="1" passed="1" failed="0" skipped="0">
  <reporter-output>
  </reporter-output>
  <suite started-at="2023-02-22T04:04:08Z" name="InetBankingV1" finished-at="2023-02-22T04:04:21Z" duration-ms="13051">
    <groups>
    </groups>
    <test started-at="2023-02-22T04:04:08Z" name="BankingApp Test" finished-at="2023-02-22T04:04:21Z" duration-ms="13051">
      <class name="com.inetBanking.testCases.Tc_LoginTest_001">
        <test-method is-config="true" signature="setup(java.lang.String)[pri:0, instance:com.inetBanking.testCases.Tc_LoginTest_001@76ed1b7c]" started-at="2023-02-22T04:04:08Z" name="setup" finished-at="2023-02-22T04:04:18Z" duration-ms="10087" status="PASS">
          <params>
            <param index="0">
              <value>
                <![CDATA[chrome]]>
              </value>
            </param>
          </params>
          <reporter-output>
          </reporter-output>
        </test-method> <!-- setup -->
        <test-method signature="LoginTest()[pri:0, instance:com.inetBanking.testCases.Tc_LoginTest_001@76ed1b7c]" started-at="2023-02-22T04:04:18Z" name="LoginTest" finished-at="2023-02-22T04:04:21Z" duration-ms="2371" status="PASS">
          <reporter-output>
          </reporter-output>
        </test-method> <!-- LoginTest -->
        <test-method is-config="true" signature="tearDown()[pri:0, instance:com.inetBanking.testCases.Tc_LoginTest_001@76ed1b7c]" started-at="2023-02-22T04:04:21Z" name="tearDown" finished-at="2023-02-22T04:04:21Z" duration-ms="162" status="PASS">
          <reporter-output>
          </reporter-output>
        </test-method> <!-- tearDown -->
      </class> <!-- com.inetBanking.testCases.Tc_LoginTest_001 -->
    </test> <!-- BankingApp Test -->
  </suite> <!-- InetBankingV1 -->
</testng-results>
